2025-12-08 21:50:15,720 INFO o.a.j.u.JMeterUtils: Setting Locale to en_EN
2025-12-08 21:50:15,734 INFO o.a.j.JMeter: Loading user properties from: /opt/homebrew/Cellar/jmeter/5.6.3/libexec/bin/user.properties
2025-12-08 21:50:15,734 INFO o.a.j.JMeter: Loading system properties from: /opt/homebrew/Cellar/jmeter/5.6.3/libexec/bin/system.properties
2025-12-08 21:50:15,737 INFO o.a.j.JMeter: Copyright (c) 1998-2024 The Apache Software Foundation
2025-12-08 21:50:15,737 INFO o.a.j.JMeter: Version 5.6.3
2025-12-08 21:50:15,737 INFO o.a.j.JMeter: java.version=21.0.9
2025-12-08 21:50:15,737 INFO o.a.j.JMeter: java.vm.name=OpenJDK 64-Bit Server VM
2025-12-08 21:50:15,737 INFO o.a.j.JMeter: os.name=Mac OS X
2025-12-08 21:50:15,737 INFO o.a.j.JMeter: os.arch=aarch64
2025-12-08 21:50:15,737 INFO o.a.j.JMeter: os.version=15.4.1
2025-12-08 21:50:15,737 INFO o.a.j.JMeter: file.encoding=UTF-8
2025-12-08 21:50:15,737 INFO o.a.j.JMeter: java.awt.headless=null
2025-12-08 21:50:15,737 INFO o.a.j.JMeter: Max memory     =1073741824
2025-12-08 21:50:15,737 INFO o.a.j.JMeter: Available Processors =8
2025-12-08 21:50:15,743 INFO o.a.j.JMeter: Default Locale=English (EN)
2025-12-08 21:50:15,743 INFO o.a.j.JMeter: JMeter  Locale=English (EN)
2025-12-08 21:50:15,743 INFO o.a.j.JMeter: JMeterHome=/opt/homebrew/Cellar/jmeter/5.6.3/libexec
2025-12-08 21:50:15,743 INFO o.a.j.JMeter: user.dir  =/Users/polakujoshikasree/Documents/FlightBookingApplication
2025-12-08 21:50:15,743 INFO o.a.j.JMeter: PWD       =/Users/polakujoshikasree/Documents/FlightBookingApplication
2025-12-08 21:50:15,744 INFO o.a.j.JMeter: IP: 127.0.0.1 Name: POLAKUs-Laptop.local FullName: localhost
2025-12-08 21:50:15,750 INFO o.a.j.JMeter: Loaded icon properties from org/apache/jmeter/images/icon.properties
2025-12-08 21:50:16,038 INFO o.a.j.JMeterGuiLauncher: Setting LAF to: com.github.weisj.darklaf.DarkLaf:com.github.weisj.darklaf.theme.DarculaTheme
2025-12-08 21:50:17,293 INFO o.a.j.r.ClassFinder: Will scan jar /opt/homebrew/Cellar/jmeter/5.6.3/libexec/lib/ext/jmeter-plugins-manager-1.9.jar with filter ExtendsClassFilter [parents=[interface org.apache.jmeter.gui.action.Command], inner=false, contains=null, notContains=null]. Consider exposing JMeter plugins via META-INF/services, and add JMeter-Skip-Class-Scanning=true manifest attribute so JMeter can skip classfile scanning
2025-12-08 21:50:17,348 INFO o.a.j.r.ClassFinder: Will scan jar /opt/homebrew/Cellar/jmeter/5.6.3/libexec/lib/ext/jmeter-plugins-manager-1.9.jar with filter ExtendsClassFilter [parents=[interface org.apache.jmeter.gui.plugin.MenuCreator], inner=false, contains=null, notContains=null]. Consider exposing JMeter plugins via META-INF/services, and add JMeter-Skip-Class-Scanning=true manifest attribute so JMeter can skip classfile scanning
2025-12-08 21:50:17,399 INFO o.j.r.JARSourceHTTP: Requesting https://jmeter-plugins.org/repo/?installID=mac_os_x-6acee877cc1be623e878ffab5193ee4f-gui
2025-12-08 21:50:19,715 INFO o.j.r.PluginManager: Plugins Status: [jpgc-plugins-manager=1.9, jmeter-core=5.6.3, jmeter-ftp=5.6.3, jmeter-http=5.6.3, jmeter-jdbc=5.6.3, jmeter-jms=5.6.3, jmeter-junit=5.6.3, jmeter-java=5.6.3, jmeter-ldap=5.6.3, jmeter-mail=5.6.3, jmeter-mongodb=5.6.3, jmeter-native=5.6.3, jmeter-tcp=5.6.3, jmeter-components=5.6.3]
2025-12-08 21:50:19,716 INFO o.j.r.PluginManagerMenuItem: Plugins Manager has upgrades: [jpgc-plugins-manager]
2025-12-08 21:50:47,050 INFO o.a.j.p.h.s.HTTPSamplerBase: Parser for text/html is org.apache.jmeter.protocol.http.parser.LagartoBasedHtmlParser
2025-12-08 21:50:47,050 INFO o.a.j.p.h.s.HTTPSamplerBase: Parser for application/xhtml+xml is org.apache.jmeter.protocol.http.parser.LagartoBasedHtmlParser
2025-12-08 21:50:47,050 INFO o.a.j.p.h.s.HTTPSamplerBase: Parser for application/xml is org.apache.jmeter.protocol.http.parser.LagartoBasedHtmlParser
2025-12-08 21:50:47,050 INFO o.a.j.p.h.s.HTTPSamplerBase: Parser for text/xml is org.apache.jmeter.protocol.http.parser.LagartoBasedHtmlParser
2025-12-08 21:50:47,050 INFO o.a.j.p.h.s.HTTPSamplerBase: Parser for text/vnd.wap.wml is org.apache.jmeter.protocol.http.parser.RegexpHTMLParser
2025-12-08 21:50:47,051 INFO o.a.j.p.h.s.HTTPSamplerBase: Parser for text/css is org.apache.jmeter.protocol.http.parser.CssParser
2025-12-08 21:52:03,340 INFO o.a.j.s.SampleResult: Note: Sample TimeStamps are START times
2025-12-08 21:52:03,341 INFO o.a.j.s.SampleResult: sampleresult.default.encoding is set to UTF-8
2025-12-08 21:52:03,341 INFO o.a.j.s.SampleResult: sampleresult.useNanoTime=true
2025-12-08 21:52:03,341 INFO o.a.j.s.SampleResult: sampleresult.nanoThreadSleep=5000
2025-12-08 21:52:03,393 INFO o.a.j.r.ClassFinder: Will scan jar /opt/homebrew/Cellar/jmeter/5.6.3/libexec/lib/ext/jmeter-plugins-manager-1.9.jar with filter ExtendsClassFilter [parents=[interface org.apache.jmeter.visualizers.ResultRenderer], inner=false, contains=null, notContains=null]. Consider exposing JMeter plugins via META-INF/services, and add JMeter-Skip-Class-Scanning=true manifest attribute so JMeter can skip classfile scanning
2025-12-08 21:52:03,404 INFO o.a.j.r.ClassFinder: Will scan jar /opt/homebrew/Cellar/jmeter/5.6.3/libexec/lib/ext/jmeter-plugins-manager-1.9.jar with filter ExtendsClassFilter [parents=[interface org.apache.jmeter.visualizers.RequestView], inner=false, contains=null, notContains=null]. Consider exposing JMeter plugins via META-INF/services, and add JMeter-Skip-Class-Scanning=true manifest attribute so JMeter can skip classfile scanning
2025-12-08 21:52:15,702 INFO o.a.j.s.FileServer: Default base='/Users/polakujoshikasree/Documents/FlightBookingApplication'
2025-12-08 21:52:15,703 INFO o.a.j.s.FileServer: Set new base='/Users/polakujoshikasree/Documents/FlightBookingApplication'
2025-12-08 21:52:15,826 INFO o.a.j.s.SaveService: Testplan (JMX) version: 2.2. Testlog (JTL) version: 2.2
2025-12-08 21:52:15,829 INFO o.a.j.s.SaveService: Using SaveService properties version 5.0
2025-12-08 21:52:15,830 INFO o.a.j.s.SaveService: Using SaveService properties file encoding UTF-8
2025-12-08 21:52:15,841 INFO o.a.j.e.StandardJMeterEngine: Running the test!
2025-12-08 21:52:15,841 INFO o.a.j.s.SampleEvent: List of sample_variables: []
2025-12-08 21:52:15,841 INFO o.a.j.s.SampleEvent: List of sample_variables: []
2025-12-08 21:52:15,841 INFO o.a.j.e.u.CompoundVariable: Note: Function class names must contain the string: '.functions.'
2025-12-08 21:52:15,841 INFO o.a.j.e.u.CompoundVariable: Note: Function class names must not contain the string: '.gui.'
2025-12-08 21:52:15,863 INFO o.a.j.r.ClassFinder: Will scan jar /opt/homebrew/Cellar/jmeter/5.6.3/libexec/lib/ext/jmeter-plugins-manager-1.9.jar with filter ExtendsClassFilter [parents=[interface org.apache.jmeter.functions.Function], inner=false, contains=null, notContains=null]. Consider exposing JMeter plugins via META-INF/services, and add JMeter-Skip-Class-Scanning=true manifest attribute so JMeter can skip classfile scanning
2025-12-08 21:52:15,866 INFO o.a.j.g.u.JMeterMenuBar: setRunning(true, *local*)
2025-12-08 21:52:15,886 INFO o.a.j.e.StandardJMeterEngine: Starting ThreadGroup: 1 : Thread Group
2025-12-08 21:52:15,886 INFO o.a.j.e.StandardJMeterEngine: Starting 1 threads for group Thread Group.
2025-12-08 21:52:15,887 INFO o.a.j.e.StandardJMeterEngine: Thread will continue on error
2025-12-08 21:52:15,887 INFO o.a.j.t.ThreadGroup: Starting thread group... number=1 threads=1 ramp-up=1 delayedStart=false
2025-12-08 21:52:15,888 INFO o.a.j.t.ThreadGroup: Started thread group number 1
2025-12-08 21:52:15,888 INFO o.a.j.e.StandardJMeterEngine: All thread groups have been started
2025-12-08 21:52:15,888 INFO o.a.j.t.JMeterThread: Thread started: Thread Group 1-1
2025-12-08 21:52:15,891 INFO o.a.j.p.h.s.HTTPHCAbstractImpl: Local host = POLAKUs-Laptop.local
2025-12-08 21:52:15,894 INFO o.a.j.p.h.s.HTTPHC4Impl: HTTP request retry count = 0
2025-12-08 21:52:15,937 INFO o.a.j.t.JMeterThread: Thread is done: Thread Group 1-1
2025-12-08 21:52:15,937 INFO o.a.j.t.JMeterThread: Thread finished: Thread Group 1-1
2025-12-08 21:52:15,937 INFO o.a.j.e.StandardJMeterEngine: Notifying test listeners of end of test
2025-12-08 21:52:15,938 INFO o.a.j.g.u.JMeterMenuBar: setRunning(false, *local*)
2025-12-08 21:52:25,175 INFO o.a.j.e.StandardJMeterEngine: Running the test!
2025-12-08 21:52:25,176 INFO o.a.j.s.SampleEvent: List of sample_variables: []
2025-12-08 21:52:25,177 INFO o.a.j.g.u.JMeterMenuBar: setRunning(true, *local*)
2025-12-08 21:52:25,200 INFO o.a.j.e.StandardJMeterEngine: Starting ThreadGroup: 1 : Thread Group
2025-12-08 21:52:25,200 INFO o.a.j.e.StandardJMeterEngine: Starting 1 threads for group Thread Group.
2025-12-08 21:52:25,200 INFO o.a.j.e.StandardJMeterEngine: Thread will continue on error
2025-12-08 21:52:25,200 INFO o.a.j.t.ThreadGroup: Starting thread group... number=1 threads=1 ramp-up=1 delayedStart=false
2025-12-08 21:52:25,201 INFO o.a.j.t.ThreadGroup: Started thread group number 1
2025-12-08 21:52:25,201 INFO o.a.j.e.StandardJMeterEngine: All thread groups have been started
2025-12-08 21:52:25,201 INFO o.a.j.t.JMeterThread: Thread started: Thread Group 1-1
2025-12-08 21:52:25,209 INFO o.a.j.t.JMeterThread: Thread is done: Thread Group 1-1
2025-12-08 21:52:25,209 INFO o.a.j.t.JMeterThread: Thread finished: Thread Group 1-1
2025-12-08 21:52:25,209 INFO o.a.j.e.StandardJMeterEngine: Notifying test listeners of end of test
2025-12-08 21:52:25,209 INFO o.a.j.g.u.JMeterMenuBar: setRunning(false, *local*)
2025-12-08 21:52:41,347 INFO o.a.j.r.ClassFinder: Will scan jar /opt/homebrew/Cellar/jmeter/5.6.3/libexec/lib/ext/jmeter-plugins-manager-1.9.jar with filter ExtendsClassFilter [parents=[interface org.apache.jmeter.visualizers.ResultRenderer], inner=false, contains=null, notContains=null]. Consider exposing JMeter plugins via META-INF/services, and add JMeter-Skip-Class-Scanning=true manifest attribute so JMeter can skip classfile scanning
2025-12-08 21:52:41,356 INFO o.a.j.r.ClassFinder: Will scan jar /opt/homebrew/Cellar/jmeter/5.6.3/libexec/lib/ext/jmeter-plugins-manager-1.9.jar with filter ExtendsClassFilter [parents=[interface org.apache.jmeter.visualizers.RequestView], inner=false, contains=null, notContains=null]. Consider exposing JMeter plugins via META-INF/services, and add JMeter-Skip-Class-Scanning=true manifest attribute so JMeter can skip classfile scanning
2025-12-08 21:52:59,165 INFO o.a.j.r.ClassFinder: Will scan jar /opt/homebrew/Cellar/jmeter/5.6.3/libexec/lib/ext/jmeter-plugins-manager-1.9.jar with filter ExtendsClassFilter [parents=[interface org.apache.jmeter.visualizers.ResultRenderer], inner=false, contains=null, notContains=null]. Consider exposing JMeter plugins via META-INF/services, and add JMeter-Skip-Class-Scanning=true manifest attribute so JMeter can skip classfile scanning
2025-12-08 21:52:59,176 INFO o.a.j.r.ClassFinder: Will scan jar /opt/homebrew/Cellar/jmeter/5.6.3/libexec/lib/ext/jmeter-plugins-manager-1.9.jar with filter ExtendsClassFilter [parents=[interface org.apache.jmeter.visualizers.RequestView], inner=false, contains=null, notContains=null]. Consider exposing JMeter plugins via META-INF/services, and add JMeter-Skip-Class-Scanning=true manifest attribute so JMeter can skip classfile scanning
2025-12-08 21:53:01,153 INFO o.a.j.e.StandardJMeterEngine: Running the test!
2025-12-08 21:53:01,153 INFO o.a.j.s.SampleEvent: List of sample_variables: []
2025-12-08 21:53:01,154 INFO o.a.j.g.u.JMeterMenuBar: setRunning(true, *local*)
2025-12-08 21:53:01,198 INFO o.a.j.e.StandardJMeterEngine: Starting ThreadGroup: 1 : Thread Group
2025-12-08 21:53:01,198 INFO o.a.j.e.StandardJMeterEngine: Starting 1 threads for group Thread Group.
2025-12-08 21:53:01,198 INFO o.a.j.e.StandardJMeterEngine: Thread will continue on error
2025-12-08 21:53:01,198 INFO o.a.j.t.ThreadGroup: Starting thread group... number=1 threads=1 ramp-up=1 delayedStart=false
2025-12-08 21:53:01,200 INFO o.a.j.t.ThreadGroup: Started thread group number 1
2025-12-08 21:53:01,200 INFO o.a.j.e.StandardJMeterEngine: All thread groups have been started
2025-12-08 21:53:01,200 INFO o.a.j.t.JMeterThread: Thread started: Thread Group 1-1
2025-12-08 21:53:01,225 INFO o.a.j.t.JMeterThread: Thread is done: Thread Group 1-1
2025-12-08 21:53:01,225 INFO o.a.j.t.JMeterThread: Thread finished: Thread Group 1-1
2025-12-08 21:53:01,225 INFO o.a.j.e.StandardJMeterEngine: Notifying test listeners of end of test
2025-12-08 21:53:01,225 INFO o.a.j.g.u.JMeterMenuBar: setRunning(false, *local*)
2025-12-08 21:53:12,037 INFO o.a.j.e.StandardJMeterEngine: Running the test!
2025-12-08 21:53:12,038 INFO o.a.j.s.SampleEvent: List of sample_variables: []
2025-12-08 21:53:12,039 INFO o.a.j.g.u.JMeterMenuBar: setRunning(true, *local*)
2025-12-08 21:53:12,061 INFO o.a.j.e.StandardJMeterEngine: Starting ThreadGroup: 1 : Thread Group
2025-12-08 21:53:12,062 INFO o.a.j.e.StandardJMeterEngine: Starting 1 threads for group Thread Group.
2025-12-08 21:53:12,062 INFO o.a.j.e.StandardJMeterEngine: Thread will continue on error
2025-12-08 21:53:12,062 INFO o.a.j.t.ThreadGroup: Starting thread group... number=1 threads=1 ramp-up=1 delayedStart=false
2025-12-08 21:53:12,062 INFO o.a.j.t.ThreadGroup: Started thread group number 1
2025-12-08 21:53:12,062 INFO o.a.j.e.StandardJMeterEngine: All thread groups have been started
2025-12-08 21:53:12,062 INFO o.a.j.t.JMeterThread: Thread started: Thread Group 1-1
2025-12-08 21:53:12,074 INFO o.a.j.t.JMeterThread: Thread is done: Thread Group 1-1
2025-12-08 21:53:12,074 INFO o.a.j.t.JMeterThread: Thread finished: Thread Group 1-1
2025-12-08 21:53:12,074 INFO o.a.j.e.StandardJMeterEngine: Notifying test listeners of end of test
2025-12-08 21:53:12,074 INFO o.a.j.g.u.JMeterMenuBar: setRunning(false, *local*)
2025-12-08 21:54:35,946 INFO o.a.j.e.StandardJMeterEngine: Running the test!
2025-12-08 21:54:35,948 INFO o.a.j.s.SampleEvent: List of sample_variables: []
2025-12-08 21:54:35,948 INFO o.a.j.g.u.JMeterMenuBar: setRunning(true, *local*)
2025-12-08 21:54:35,975 INFO o.a.j.e.StandardJMeterEngine: Starting ThreadGroup: 1 : Thread Group
2025-12-08 21:54:35,975 INFO o.a.j.e.StandardJMeterEngine: Starting 1 threads for group Thread Group.
2025-12-08 21:54:35,975 INFO o.a.j.e.StandardJMeterEngine: Thread will continue on error
2025-12-08 21:54:35,975 INFO o.a.j.t.ThreadGroup: Starting thread group... number=1 threads=1 ramp-up=1 delayedStart=false
2025-12-08 21:54:35,976 INFO o.a.j.t.ThreadGroup: Started thread group number 1
2025-12-08 21:54:35,976 INFO o.a.j.e.StandardJMeterEngine: All thread groups have been started
2025-12-08 21:54:35,976 INFO o.a.j.t.JMeterThread: Thread started: Thread Group 1-1
2025-12-08 21:54:35,990 INFO o.a.j.t.JMeterThread: Thread is done: Thread Group 1-1
2025-12-08 21:54:35,990 INFO o.a.j.t.JMeterThread: Thread finished: Thread Group 1-1
2025-12-08 21:54:35,990 INFO o.a.j.e.StandardJMeterEngine: Notifying test listeners of end of test
2025-12-08 21:54:35,990 INFO o.a.j.g.u.JMeterMenuBar: setRunning(false, *local*)
2025-12-08 21:54:56,721 INFO o.a.j.e.StandardJMeterEngine: Running the test!
2025-12-08 21:54:56,722 INFO o.a.j.s.SampleEvent: List of sample_variables: []
2025-12-08 21:54:56,724 INFO o.a.j.g.u.JMeterMenuBar: setRunning(true, *local*)
2025-12-08 21:54:56,751 INFO o.a.j.e.StandardJMeterEngine: Starting ThreadGroup: 1 : Thread Group
2025-12-08 21:54:56,751 INFO o.a.j.e.StandardJMeterEngine: Starting 1 threads for group Thread Group.
2025-12-08 21:54:56,751 INFO o.a.j.e.StandardJMeterEngine: Thread will continue on error
2025-12-08 21:54:56,751 INFO o.a.j.t.ThreadGroup: Starting thread group... number=1 threads=1 ramp-up=1 delayedStart=false
2025-12-08 21:54:56,752 INFO o.a.j.t.ThreadGroup: Started thread group number 1
2025-12-08 21:54:56,752 INFO o.a.j.e.StandardJMeterEngine: All thread groups have been started
2025-12-08 21:54:56,752 INFO o.a.j.t.JMeterThread: Thread started: Thread Group 1-1
2025-12-08 21:54:56,758 INFO o.a.j.t.JMeterThread: Thread is done: Thread Group 1-1
2025-12-08 21:54:56,758 INFO o.a.j.t.JMeterThread: Thread finished: Thread Group 1-1
2025-12-08 21:54:56,759 INFO o.a.j.e.StandardJMeterEngine: Notifying test listeners of end of test
2025-12-08 21:54:56,759 INFO o.a.j.g.u.JMeterMenuBar: setRunning(false, *local*)
2025-12-08 21:55:15,454 INFO o.a.j.e.StandardJMeterEngine: Running the test!
2025-12-08 21:55:15,455 INFO o.a.j.s.SampleEvent: List of sample_variables: []
2025-12-08 21:55:15,455 INFO o.a.j.g.u.JMeterMenuBar: setRunning(true, *local*)
2025-12-08 21:55:15,479 INFO o.a.j.e.StandardJMeterEngine: Starting ThreadGroup: 1 : Thread Group
2025-12-08 21:55:15,479 INFO o.a.j.e.StandardJMeterEngine: Starting 1 threads for group Thread Group.
2025-12-08 21:55:15,479 INFO o.a.j.e.StandardJMeterEngine: Thread will continue on error
2025-12-08 21:55:15,479 INFO o.a.j.t.ThreadGroup: Starting thread group... number=1 threads=1 ramp-up=1 delayedStart=false
2025-12-08 21:55:15,479 INFO o.a.j.t.ThreadGroup: Started thread group number 1
2025-12-08 21:55:15,479 INFO o.a.j.e.StandardJMeterEngine: All thread groups have been started
2025-12-08 21:55:15,480 INFO o.a.j.t.JMeterThread: Thread started: Thread Group 1-1
2025-12-08 21:55:15,499 INFO o.a.j.t.JMeterThread: Thread is done: Thread Group 1-1
2025-12-08 21:55:15,499 INFO o.a.j.t.JMeterThread: Thread finished: Thread Group 1-1
2025-12-08 21:55:15,499 INFO o.a.j.e.StandardJMeterEngine: Notifying test listeners of end of test
2025-12-08 21:55:15,499 INFO o.a.j.g.u.JMeterMenuBar: setRunning(false, *local*)
2025-12-08 21:55:19,872 INFO o.a.j.e.StandardJMeterEngine: Running the test!
2025-12-08 21:55:19,874 INFO o.a.j.s.SampleEvent: List of sample_variables: []
2025-12-08 21:55:19,875 INFO o.a.j.g.u.JMeterMenuBar: setRunning(true, *local*)
2025-12-08 21:55:19,896 INFO o.a.j.e.StandardJMeterEngine: Starting ThreadGroup: 1 : Thread Group
2025-12-08 21:55:19,896 INFO o.a.j.e.StandardJMeterEngine: Starting 1 threads for group Thread Group.
2025-12-08 21:55:19,896 INFO o.a.j.e.StandardJMeterEngine: Thread will continue on error
2025-12-08 21:55:19,897 INFO o.a.j.t.ThreadGroup: Starting thread group... number=1 threads=1 ramp-up=1 delayedStart=false
2025-12-08 21:55:19,897 INFO o.a.j.t.ThreadGroup: Started thread group number 1
2025-12-08 21:55:19,897 INFO o.a.j.e.StandardJMeterEngine: All thread groups have been started
2025-12-08 21:55:19,897 INFO o.a.j.t.JMeterThread: Thread started: Thread Group 1-1
2025-12-08 21:55:19,903 INFO o.a.j.t.JMeterThread: Thread is done: Thread Group 1-1
2025-12-08 21:55:19,904 INFO o.a.j.t.JMeterThread: Thread finished: Thread Group 1-1
2025-12-08 21:55:19,904 INFO o.a.j.e.StandardJMeterEngine: Notifying test listeners of end of test
2025-12-08 21:55:19,904 INFO o.a.j.g.u.JMeterMenuBar: setRunning(false, *local*)
2025-12-08 21:55:55,144 INFO o.a.j.e.StandardJMeterEngine: Running the test!
2025-12-08 21:55:55,144 INFO o.a.j.s.SampleEvent: List of sample_variables: []
2025-12-08 21:55:55,145 INFO o.a.j.g.u.JMeterMenuBar: setRunning(true, *local*)
2025-12-08 21:55:55,172 INFO o.a.j.e.StandardJMeterEngine: Starting ThreadGroup: 1 : Thread Group
2025-12-08 21:55:55,172 INFO o.a.j.e.StandardJMeterEngine: Starting 1 threads for group Thread Group.
2025-12-08 21:55:55,172 INFO o.a.j.e.StandardJMeterEngine: Thread will continue on error
2025-12-08 21:55:55,172 INFO o.a.j.t.ThreadGroup: Starting thread group... number=1 threads=1 ramp-up=1 delayedStart=false
2025-12-08 21:55:55,173 INFO o.a.j.t.ThreadGroup: Started thread group number 1
2025-12-08 21:55:55,173 INFO o.a.j.e.StandardJMeterEngine: All thread groups have been started
2025-12-08 21:55:55,173 INFO o.a.j.t.JMeterThread: Thread started: Thread Group 1-1
2025-12-08 21:55:55,194 INFO o.a.j.t.JMeterThread: Thread is done: Thread Group 1-1
2025-12-08 21:55:55,194 INFO o.a.j.t.JMeterThread: Thread finished: Thread Group 1-1
2025-12-08 21:55:55,194 INFO o.a.j.e.StandardJMeterEngine: Notifying test listeners of end of test
2025-12-08 21:55:55,195 INFO o.a.j.g.u.JMeterMenuBar: setRunning(false, *local*)
2025-12-08 21:57:50,511 INFO o.a.j.e.StandardJMeterEngine: Running the test!
2025-12-08 21:57:50,512 INFO o.a.j.s.SampleEvent: List of sample_variables: []
2025-12-08 21:57:50,513 INFO o.a.j.g.u.JMeterMenuBar: setRunning(true, *local*)
2025-12-08 21:57:50,542 INFO o.a.j.e.StandardJMeterEngine: Starting ThreadGroup: 1 : Thread Group
2025-12-08 21:57:50,542 INFO o.a.j.e.StandardJMeterEngine: Starting 1 threads for group Thread Group.
2025-12-08 21:57:50,543 INFO o.a.j.e.StandardJMeterEngine: Thread will continue on error
2025-12-08 21:57:50,543 INFO o.a.j.t.ThreadGroup: Starting thread group... number=1 threads=1 ramp-up=1 delayedStart=false
2025-12-08 21:57:50,543 INFO o.a.j.t.ThreadGroup: Started thread group number 1
2025-12-08 21:57:50,543 INFO o.a.j.e.StandardJMeterEngine: All thread groups have been started
2025-12-08 21:57:50,543 INFO o.a.j.t.JMeterThread: Thread started: Thread Group 1-1
2025-12-08 21:57:50,561 INFO o.a.j.t.JMeterThread: Thread is done: Thread Group 1-1
2025-12-08 21:57:50,561 INFO o.a.j.t.JMeterThread: Thread finished: Thread Group 1-1
2025-12-08 21:57:50,562 INFO o.a.j.e.StandardJMeterEngine: Notifying test listeners of end of test
2025-12-08 21:57:50,562 INFO o.a.j.g.u.JMeterMenuBar: setRunning(false, *local*)
2025-12-08 21:58:00,658 INFO o.a.j.e.StandardJMeterEngine: Running the test!
2025-12-08 21:58:00,659 INFO o.a.j.s.SampleEvent: List of sample_variables: []
2025-12-08 21:58:00,660 INFO o.a.j.g.u.JMeterMenuBar: setRunning(true, *local*)
2025-12-08 21:58:00,680 INFO o.a.j.e.StandardJMeterEngine: Starting ThreadGroup: 1 : Thread Group
2025-12-08 21:58:00,680 INFO o.a.j.e.StandardJMeterEngine: Starting 1 threads for group Thread Group.
2025-12-08 21:58:00,680 INFO o.a.j.e.StandardJMeterEngine: Thread will continue on error
2025-12-08 21:58:00,680 INFO o.a.j.t.ThreadGroup: Starting thread group... number=1 threads=1 ramp-up=1 delayedStart=false
2025-12-08 21:58:00,681 INFO o.a.j.t.ThreadGroup: Started thread group number 1
2025-12-08 21:58:00,681 INFO o.a.j.e.StandardJMeterEngine: All thread groups have been started
2025-12-08 21:58:00,681 INFO o.a.j.t.JMeterThread: Thread started: Thread Group 1-1
2025-12-08 21:58:00,687 INFO o.a.j.t.JMeterThread: Thread is done: Thread Group 1-1
2025-12-08 21:58:00,687 INFO o.a.j.t.JMeterThread: Thread finished: Thread Group 1-1
2025-12-08 21:58:00,687 INFO o.a.j.e.StandardJMeterEngine: Notifying test listeners of end of test
2025-12-08 21:58:00,687 INFO o.a.j.g.u.JMeterMenuBar: setRunning(false, *local*)
2025-12-08 22:01:39,064 INFO o.a.j.e.StandardJMeterEngine: Running the test!
2025-12-08 22:01:39,065 INFO o.a.j.s.SampleEvent: List of sample_variables: []
2025-12-08 22:01:39,065 INFO o.a.j.g.u.JMeterMenuBar: setRunning(true, *local*)
2025-12-08 22:01:39,098 INFO o.a.j.e.StandardJMeterEngine: Starting ThreadGroup: 1 : Thread Group
2025-12-08 22:01:39,098 INFO o.a.j.e.StandardJMeterEngine: Starting 1 threads for group Thread Group.
2025-12-08 22:01:39,098 INFO o.a.j.e.StandardJMeterEngine: Thread will continue on error
2025-12-08 22:01:39,098 INFO o.a.j.t.ThreadGroup: Starting thread group... number=1 threads=1 ramp-up=1 delayedStart=false
2025-12-08 22:01:39,098 INFO o.a.j.t.ThreadGroup: Started thread group number 1
2025-12-08 22:01:39,098 INFO o.a.j.e.StandardJMeterEngine: All thread groups have been started
2025-12-08 22:01:39,098 INFO o.a.j.t.JMeterThread: Thread started: Thread Group 1-1
2025-12-08 22:01:39,116 INFO o.a.j.t.JMeterThread: Thread is done: Thread Group 1-1
2025-12-08 22:01:39,116 INFO o.a.j.t.JMeterThread: Thread finished: Thread Group 1-1
2025-12-08 22:01:39,116 INFO o.a.j.e.StandardJMeterEngine: Notifying test listeners of end of test
2025-12-08 22:01:39,116 INFO o.a.j.g.u.JMeterMenuBar: setRunning(false, *local*)
2025-12-08 22:01:51,056 INFO o.a.j.e.StandardJMeterEngine: Running the test!
2025-12-08 22:01:51,057 INFO o.a.j.s.SampleEvent: List of sample_variables: []
2025-12-08 22:01:51,057 INFO o.a.j.g.u.JMeterMenuBar: setRunning(true, *local*)
2025-12-08 22:01:51,080 INFO o.a.j.e.StandardJMeterEngine: Starting ThreadGroup: 1 : Thread Group
2025-12-08 22:01:51,081 INFO o.a.j.e.StandardJMeterEngine: Starting 20 threads for group Thread Group.
2025-12-08 22:01:51,081 INFO o.a.j.e.StandardJMeterEngine: Thread will continue on error
2025-12-08 22:01:51,081 INFO o.a.j.t.ThreadGroup: Starting thread group... number=1 threads=20 ramp-up=1 delayedStart=false
2025-12-08 22:01:51,081 INFO o.a.j.t.JMeterThread: Thread started: Thread Group 1-1
2025-12-08 22:01:51,084 INFO o.a.j.t.ThreadGroup: Started thread group number 1
2025-12-08 22:01:51,084 INFO o.a.j.e.StandardJMeterEngine: All thread groups have been started
2025-12-08 22:01:51,090 INFO o.a.j.t.JMeterThread: Thread is done: Thread Group 1-1
2025-12-08 22:01:51,090 INFO o.a.j.t.JMeterThread: Thread finished: Thread Group 1-1
2025-12-08 22:01:51,136 INFO o.a.j.t.JMeterThread: Thread started: Thread Group 1-2
2025-12-08 22:01:51,146 INFO o.a.j.t.JMeterThread: Thread is done: Thread Group 1-2
2025-12-08 22:01:51,146 INFO o.a.j.t.JMeterThread: Thread finished: Thread Group 1-2
2025-12-08 22:01:51,186 INFO o.a.j.t.JMeterThread: Thread started: Thread Group 1-3
2025-12-08 22:01:51,196 INFO o.a.j.t.JMeterThread: Thread is done: Thread Group 1-3
2025-12-08 22:01:51,196 INFO o.a.j.t.JMeterThread: Thread finished: Thread Group 1-3
2025-12-08 22:01:51,237 INFO o.a.j.t.JMeterThread: Thread started: Thread Group 1-4
2025-12-08 22:01:51,252 INFO o.a.j.t.JMeterThread: Thread is done: Thread Group 1-4
2025-12-08 22:01:51,252 INFO o.a.j.t.JMeterThread: Thread finished: Thread Group 1-4
2025-12-08 22:01:51,287 INFO o.a.j.t.JMeterThread: Thread started: Thread Group 1-5
2025-12-08 22:01:51,305 INFO o.a.j.t.JMeterThread: Thread is done: Thread Group 1-5
2025-12-08 22:01:51,306 INFO o.a.j.t.JMeterThread: Thread finished: Thread Group 1-5
2025-12-08 22:01:51,332 INFO o.a.j.t.JMeterThread: Thread started: Thread Group 1-6
2025-12-08 22:01:51,346 INFO o.a.j.t.JMeterThread: Thread is done: Thread Group 1-6
2025-12-08 22:01:51,346 INFO o.a.j.t.JMeterThread: Thread finished: Thread Group 1-6
2025-12-08 22:01:51,386 INFO o.a.j.t.JMeterThread: Thread started: Thread Group 1-7
2025-12-08 22:01:51,399 INFO o.a.j.t.JMeterThread: Thread is done: Thread Group 1-7
2025-12-08 22:01:51,399 INFO o.a.j.t.JMeterThread: Thread finished: Thread Group 1-7
2025-12-08 22:01:51,436 INFO o.a.j.t.JMeterThread: Thread started: Thread Group 1-8
2025-12-08 22:01:51,447 INFO o.a.j.t.JMeterThread: Thread is done: Thread Group 1-8
2025-12-08 22:01:51,448 INFO o.a.j.t.JMeterThread: Thread finished: Thread Group 1-8
2025-12-08 22:01:51,484 INFO o.a.j.t.JMeterThread: Thread started: Thread Group 1-9
2025-12-08 22:01:51,491 INFO o.a.j.t.JMeterThread: Thread is done: Thread Group 1-9
2025-12-08 22:01:51,492 INFO o.a.j.t.JMeterThread: Thread finished: Thread Group 1-9
2025-12-08 22:01:51,534 INFO o.a.j.t.JMeterThread: Thread started: Thread Group 1-10
2025-12-08 22:01:51,542 INFO o.a.j.t.JMeterThread: Thread is done: Thread Group 1-10
2025-12-08 22:01:51,542 INFO o.a.j.t.JMeterThread: Thread finished: Thread Group 1-10
2025-12-08 22:01:51,586 INFO o.a.j.t.JMeterThread: Thread started: Thread Group 1-11
2025-12-08 22:01:51,595 INFO o.a.j.t.JMeterThread: Thread is done: Thread Group 1-11
2025-12-08 22:01:51,595 INFO o.a.j.t.JMeterThread: Thread finished: Thread Group 1-11
2025-12-08 22:01:51,636 INFO o.a.j.t.JMeterThread: Thread started: Thread Group 1-12
2025-12-08 22:01:51,644 INFO o.a.j.t.JMeterThread: Thread is done: Thread Group 1-12
2025-12-08 22:01:51,644 INFO o.a.j.t.JMeterThread: Thread finished: Thread Group 1-12
2025-12-08 22:01:51,685 INFO o.a.j.t.JMeterThread: Thread started: Thread Group 1-13
2025-12-08 22:01:51,694 INFO o.a.j.t.JMeterThread: Thread is done: Thread Group 1-13
2025-12-08 22:01:51,694 INFO o.a.j.t.JMeterThread: Thread finished: Thread Group 1-13
2025-12-08 22:01:51,736 INFO o.a.j.t.JMeterThread: Thread started: Thread Group 1-14
2025-12-08 22:01:51,746 INFO o.a.j.t.JMeterThread: Thread is done: Thread Group 1-14
2025-12-08 22:01:51,746 INFO o.a.j.t.JMeterThread: Thread finished: Thread Group 1-14
2025-12-08 22:01:51,786 INFO o.a.j.t.JMeterThread: Thread started: Thread Group 1-15
2025-12-08 22:01:51,795 INFO o.a.j.t.JMeterThread: Thread is done: Thread Group 1-15
2025-12-08 22:01:51,795 INFO o.a.j.t.JMeterThread: Thread finished: Thread Group 1-15
2025-12-08 22:01:51,836 INFO o.a.j.t.JMeterThread: Thread started: Thread Group 1-16
2025-12-08 22:01:51,847 INFO o.a.j.t.JMeterThread: Thread is done: Thread Group 1-16
2025-12-08 22:01:51,847 INFO o.a.j.t.JMeterThread: Thread finished: Thread Group 1-16
2025-12-08 22:01:51,886 INFO o.a.j.t.JMeterThread: Thread started: Thread Group 1-17
2025-12-08 22:01:51,901 INFO o.a.j.t.JMeterThread: Thread is done: Thread Group 1-17
2025-12-08 22:01:51,901 INFO o.a.j.t.JMeterThread: Thread finished: Thread Group 1-17
2025-12-08 22:01:51,934 INFO o.a.j.t.JMeterThread: Thread started: Thread Group 1-18
2025-12-08 22:01:51,943 INFO o.a.j.t.JMeterThread: Thread is done: Thread Group 1-18
2025-12-08 22:01:51,943 INFO o.a.j.t.JMeterThread: Thread finished: Thread Group 1-18
2025-12-08 22:01:51,987 INFO o.a.j.t.JMeterThread: Thread started: Thread Group 1-19
2025-12-08 22:01:51,996 INFO o.a.j.t.JMeterThread: Thread is done: Thread Group 1-19
2025-12-08 22:01:51,996 INFO o.a.j.t.JMeterThread: Thread finished: Thread Group 1-19
2025-12-08 22:01:52,035 INFO o.a.j.t.JMeterThread: Thread started: Thread Group 1-20
2025-12-08 22:01:52,044 INFO o.a.j.t.JMeterThread: Thread is done: Thread Group 1-20
2025-12-08 22:01:52,044 INFO o.a.j.t.JMeterThread: Thread finished: Thread Group 1-20
2025-12-08 22:01:52,044 INFO o.a.j.e.StandardJMeterEngine: Notifying test listeners of end of test
2025-12-08 22:01:52,044 INFO o.a.j.g.u.JMeterMenuBar: setRunning(false, *local*)
2025-12-08 22:03:42,856 INFO o.a.j.e.StandardJMeterEngine: Running the test!
2025-12-08 22:03:42,856 INFO o.a.j.s.SampleEvent: List of sample_variables: []
2025-12-08 22:03:42,857 INFO o.a.j.g.u.JMeterMenuBar: setRunning(true, *local*)
2025-12-08 22:03:42,893 INFO o.a.j.e.StandardJMeterEngine: Starting ThreadGroup: 1 : Thread Group
2025-12-08 22:03:42,893 INFO o.a.j.e.StandardJMeterEngine: Starting 20 threads for group Thread Group.
2025-12-08 22:03:42,893 INFO o.a.j.e.StandardJMeterEngine: Thread will continue on error
2025-12-08 22:03:42,893 INFO o.a.j.t.ThreadGroup: Starting thread group... number=1 threads=20 ramp-up=1 delayedStart=false
2025-12-08 22:03:42,894 INFO o.a.j.t.JMeterThread: Thread started: Thread Group 1-1
2025-12-08 22:03:42,897 INFO o.a.j.t.ThreadGroup: Started thread group number 1
2025-12-08 22:03:42,898 INFO o.a.j.e.StandardJMeterEngine: All thread groups have been started
2025-12-08 22:03:42,938 INFO o.a.j.t.JMeterThread: Thread is done: Thread Group 1-1
2025-12-08 22:03:42,938 INFO o.a.j.t.JMeterThread: Thread finished: Thread Group 1-1
2025-12-08 22:03:42,946 INFO o.a.j.t.JMeterThread: Thread started: Thread Group 1-2
2025-12-08 22:03:42,958 INFO o.a.j.t.JMeterThread: Thread is done: Thread Group 1-2
2025-12-08 22:03:42,958 INFO o.a.j.t.JMeterThread: Thread finished: Thread Group 1-2
2025-12-08 22:03:42,998 INFO o.a.j.t.JMeterThread: Thread started: Thread Group 1-3
2025-12-08 22:03:43,014 INFO o.a.j.t.JMeterThread: Thread is done: Thread Group 1-3
2025-12-08 22:03:43,015 INFO o.a.j.t.JMeterThread: Thread finished: Thread Group 1-3
2025-12-08 22:03:43,046 INFO o.a.j.t.JMeterThread: Thread started: Thread Group 1-4
2025-12-08 22:03:43,068 INFO o.a.j.t.JMeterThread: Thread is done: Thread Group 1-4
2025-12-08 22:03:43,068 INFO o.a.j.t.JMeterThread: Thread finished: Thread Group 1-4
2025-12-08 22:03:43,098 INFO o.a.j.t.JMeterThread: Thread started: Thread Group 1-5
2025-12-08 22:03:43,109 INFO o.a.j.t.JMeterThread: Thread is done: Thread Group 1-5
2025-12-08 22:03:43,109 INFO o.a.j.t.JMeterThread: Thread finished: Thread Group 1-5
2025-12-08 22:03:43,147 INFO o.a.j.t.JMeterThread: Thread started: Thread Group 1-6
2025-12-08 22:03:43,159 INFO o.a.j.t.JMeterThread: Thread is done: Thread Group 1-6
2025-12-08 22:03:43,159 INFO o.a.j.t.JMeterThread: Thread finished: Thread Group 1-6
2025-12-08 22:03:43,197 INFO o.a.j.t.JMeterThread: Thread started: Thread Group 1-7
2025-12-08 22:03:43,211 INFO o.a.j.t.JMeterThread: Thread is done: Thread Group 1-7
2025-12-08 22:03:43,211 INFO o.a.j.t.JMeterThread: Thread finished: Thread Group 1-7
2025-12-08 22:03:43,249 INFO o.a.j.t.JMeterThread: Thread started: Thread Group 1-8
2025-12-08 22:03:43,265 INFO o.a.j.t.JMeterThread: Thread is done: Thread Group 1-8
2025-12-08 22:03:43,265 INFO o.a.j.t.JMeterThread: Thread finished: Thread Group 1-8
2025-12-08 22:03:43,297 INFO o.a.j.t.JMeterThread: Thread started: Thread Group 1-9
2025-12-08 22:03:43,314 INFO o.a.j.t.JMeterThread: Thread is done: Thread Group 1-9
2025-12-08 22:03:43,315 INFO o.a.j.t.JMeterThread: Thread finished: Thread Group 1-9
2025-12-08 22:03:43,348 INFO o.a.j.t.JMeterThread: Thread started: Thread Group 1-10
2025-12-08 22:03:43,364 INFO o.a.j.t.JMeterThread: Thread is done: Thread Group 1-10
2025-12-08 22:03:43,364 INFO o.a.j.t.JMeterThread: Thread finished: Thread Group 1-10
2025-12-08 22:03:43,395 INFO o.a.j.t.JMeterThread: Thread started: Thread Group 1-11
2025-12-08 22:03:43,402 INFO o.a.j.t.JMeterThread: Thread is done: Thread Group 1-11
2025-12-08 22:03:43,402 INFO o.a.j.t.JMeterThread: Thread finished: Thread Group 1-11
2025-12-08 22:03:43,443 INFO o.a.j.t.JMeterThread: Thread started: Thread Group 1-12
2025-12-08 22:03:43,451 INFO o.a.j.t.JMeterThread: Thread is done: Thread Group 1-12
2025-12-08 22:03:43,451 INFO o.a.j.t.JMeterThread: Thread finished: Thread Group 1-12
2025-12-08 22:03:43,498 INFO o.a.j.t.JMeterThread: Thread started: Thread Group 1-13
2025-12-08 22:03:43,506 INFO o.a.j.t.JMeterThread: Thread is done: Thread Group 1-13
2025-12-08 22:03:43,506 INFO o.a.j.t.JMeterThread: Thread finished: Thread Group 1-13
2025-12-08 22:03:43,545 INFO o.a.j.t.JMeterThread: Thread started: Thread Group 1-14
2025-12-08 22:03:43,552 INFO o.a.j.t.JMeterThread: Thread is done: Thread Group 1-14
2025-12-08 22:03:43,552 INFO o.a.j.t.JMeterThread: Thread finished: Thread Group 1-14
2025-12-08 22:03:43,599 INFO o.a.j.t.JMeterThread: Thread started: Thread Group 1-15
2025-12-08 22:03:43,611 INFO o.a.j.t.JMeterThread: Thread is done: Thread Group 1-15
2025-12-08 22:03:43,611 INFO o.a.j.t.JMeterThread: Thread finished: Thread Group 1-15
2025-12-08 22:03:43,648 INFO o.a.j.t.JMeterThread: Thread started: Thread Group 1-16
2025-12-08 22:03:43,660 INFO o.a.j.t.JMeterThread: Thread is done: Thread Group 1-16
2025-12-08 22:03:43,660 INFO o.a.j.t.JMeterThread: Thread finished: Thread Group 1-16
2025-12-08 22:03:43,698 INFO o.a.j.t.JMeterThread: Thread started: Thread Group 1-17
2025-12-08 22:03:43,712 INFO o.a.j.t.JMeterThread: Thread is done: Thread Group 1-17
2025-12-08 22:03:43,712 INFO o.a.j.t.JMeterThread: Thread finished: Thread Group 1-17
2025-12-08 22:03:43,747 INFO o.a.j.t.JMeterThread: Thread started: Thread Group 1-18
2025-12-08 22:03:43,760 INFO o.a.j.t.JMeterThread: Thread is done: Thread Group 1-18
2025-12-08 22:03:43,760 INFO o.a.j.t.JMeterThread: Thread finished: Thread Group 1-18
2025-12-08 22:03:43,798 INFO o.a.j.t.JMeterThread: Thread started: Thread Group 1-19
2025-12-08 22:03:43,810 INFO o.a.j.t.JMeterThread: Thread is done: Thread Group 1-19
2025-12-08 22:03:43,810 INFO o.a.j.t.JMeterThread: Thread finished: Thread Group 1-19
2025-12-08 22:03:43,847 INFO o.a.j.t.JMeterThread: Thread started: Thread Group 1-20
2025-12-08 22:03:43,859 INFO o.a.j.t.JMeterThread: Thread is done: Thread Group 1-20
2025-12-08 22:03:43,859 INFO o.a.j.t.JMeterThread: Thread finished: Thread Group 1-20
2025-12-08 22:03:43,859 INFO o.a.j.e.StandardJMeterEngine: Notifying test listeners of end of test
2025-12-08 22:03:43,859 INFO o.a.j.g.u.JMeterMenuBar: setRunning(false, *local*)
2025-12-08 22:03:56,660 INFO o.a.j.e.StandardJMeterEngine: Running the test!
2025-12-08 22:03:56,661 INFO o.a.j.s.SampleEvent: List of sample_variables: []
2025-12-08 22:03:56,662 INFO o.a.j.g.u.JMeterMenuBar: setRunning(true, *local*)
2025-12-08 22:03:56,689 INFO o.a.j.e.StandardJMeterEngine: Starting ThreadGroup: 1 : Thread Group
2025-12-08 22:03:56,689 INFO o.a.j.e.StandardJMeterEngine: Starting 20 threads for group Thread Group.
2025-12-08 22:03:56,689 INFO o.a.j.e.StandardJMeterEngine: Thread will continue on error
2025-12-08 22:03:56,689 INFO o.a.j.t.ThreadGroup: Starting thread group... number=1 threads=20 ramp-up=1 delayedStart=false
2025-12-08 22:03:56,690 INFO o.a.j.t.JMeterThread: Thread started: Thread Group 1-1
2025-12-08 22:03:56,693 INFO o.a.j.t.ThreadGroup: Started thread group number 1
2025-12-08 22:03:56,693 INFO o.a.j.e.StandardJMeterEngine: All thread groups have been started
2025-12-08 22:03:56,702 INFO o.a.j.t.JMeterThread: Thread is done: Thread Group 1-1
2025-12-08 22:03:56,702 INFO o.a.j.t.JMeterThread: Thread finished: Thread Group 1-1
2025-12-08 22:03:56,744 INFO o.a.j.t.JMeterThread: Thread started: Thread Group 1-2
2025-12-08 22:03:56,757 INFO o.a.j.t.JMeterThread: Thread is done: Thread Group 1-2
2025-12-08 22:03:56,757 INFO o.a.j.t.JMeterThread: Thread finished: Thread Group 1-2
2025-12-08 22:03:56,794 INFO o.a.j.t.JMeterThread: Thread started: Thread Group 1-3
2025-12-08 22:03:56,801 INFO o.a.j.t.JMeterThread: Thread is done: Thread Group 1-3
2025-12-08 22:03:56,801 INFO o.a.j.t.JMeterThread: Thread finished: Thread Group 1-3
2025-12-08 22:03:56,844 INFO o.a.j.t.JMeterThread: Thread started: Thread Group 1-4
2025-12-08 22:03:56,853 INFO o.a.j.t.JMeterThread: Thread is done: Thread Group 1-4
2025-12-08 22:03:56,853 INFO o.a.j.t.JMeterThread: Thread finished: Thread Group 1-4
2025-12-08 22:03:56,892 INFO o.a.j.t.JMeterThread: Thread started: Thread Group 1-5
2025-12-08 22:03:56,899 INFO o.a.j.t.JMeterThread: Thread is done: Thread Group 1-5
2025-12-08 22:03:56,900 INFO o.a.j.t.JMeterThread: Thread finished: Thread Group 1-5
2025-12-08 22:03:56,944 INFO o.a.j.t.JMeterThread: Thread started: Thread Group 1-6
2025-12-08 22:03:56,951 INFO o.a.j.t.JMeterThread: Thread is done: Thread Group 1-6
2025-12-08 22:03:56,951 INFO o.a.j.t.JMeterThread: Thread finished: Thread Group 1-6
2025-12-08 22:03:56,992 INFO o.a.j.t.JMeterThread: Thread started: Thread Group 1-7
2025-12-08 22:03:57,000 INFO o.a.j.t.JMeterThread: Thread is done: Thread Group 1-7
2025-12-08 22:03:57,000 INFO o.a.j.t.JMeterThread: Thread finished: Thread Group 1-7
2025-12-08 22:03:57,044 INFO o.a.j.t.JMeterThread: Thread started: Thread Group 1-8
2025-12-08 22:03:57,055 INFO o.a.j.t.JMeterThread: Thread is done: Thread Group 1-8
2025-12-08 22:03:57,055 INFO o.a.j.t.JMeterThread: Thread finished: Thread Group 1-8
2025-12-08 22:03:57,094 INFO o.a.j.t.JMeterThread: Thread started: Thread Group 1-9
2025-12-08 22:03:57,112 INFO o.a.j.t.JMeterThread: Thread is done: Thread Group 1-9
2025-12-08 22:03:57,113 INFO o.a.j.t.JMeterThread: Thread finished: Thread Group 1-9
2025-12-08 22:03:57,143 INFO o.a.j.t.JMeterThread: Thread started: Thread Group 1-10
2025-12-08 22:03:57,155 INFO o.a.j.t.JMeterThread: Thread is done: Thread Group 1-10
2025-12-08 22:03:57,155 INFO o.a.j.t.JMeterThread: Thread finished: Thread Group 1-10
2025-12-08 22:03:57,194 INFO o.a.j.t.JMeterThread: Thread started: Thread Group 1-11
2025-12-08 22:03:57,215 INFO o.a.j.t.JMeterThread: Thread is done: Thread Group 1-11
2025-12-08 22:03:57,215 INFO o.a.j.t.JMeterThread: Thread finished: Thread Group 1-11
2025-12-08 22:03:57,244 INFO o.a.j.t.JMeterThread: Thread started: Thread Group 1-12
2025-12-08 22:03:57,265 INFO o.a.j.t.JMeterThread: Thread is done: Thread Group 1-12
2025-12-08 22:03:57,265 INFO o.a.j.t.JMeterThread: Thread finished: Thread Group 1-12
2025-12-08 22:03:57,291 INFO o.a.j.t.JMeterThread: Thread started: Thread Group 1-13
2025-12-08 22:03:57,308 INFO o.a.j.t.JMeterThread: Thread is done: Thread Group 1-13
2025-12-08 22:03:57,308 INFO o.a.j.t.JMeterThread: Thread finished: Thread Group 1-13
2025-12-08 22:03:57,341 INFO o.a.j.t.JMeterThread: Thread started: Thread Group 1-14
2025-12-08 22:03:57,364 INFO o.a.j.t.JMeterThread: Thread is done: Thread Group 1-14
2025-12-08 22:03:57,364 INFO o.a.j.t.JMeterThread: Thread finished: Thread Group 1-14
2025-12-08 22:03:57,394 INFO o.a.j.t.JMeterThread: Thread started: Thread Group 1-15
2025-12-08 22:03:57,418 INFO o.a.j.t.JMeterThread: Thread is done: Thread Group 1-15
2025-12-08 22:03:57,418 INFO o.a.j.t.JMeterThread: Thread finished: Thread Group 1-15
2025-12-08 22:03:57,441 INFO o.a.j.t.JMeterThread: Thread started: Thread Group 1-16
2025-12-08 22:03:57,451 INFO o.a.j.t.JMeterThread: Thread is done: Thread Group 1-16
2025-12-08 22:03:57,451 INFO o.a.j.t.JMeterThread: Thread finished: Thread Group 1-16
2025-12-08 22:03:57,494 INFO o.a.j.t.JMeterThread: Thread started: Thread Group 1-17
2025-12-08 22:03:57,513 INFO o.a.j.t.JMeterThread: Thread is done: Thread Group 1-17
2025-12-08 22:03:57,513 INFO o.a.j.t.JMeterThread: Thread finished: Thread Group 1-17
2025-12-08 22:03:57,545 INFO o.a.j.t.JMeterThread: Thread started: Thread Group 1-18
2025-12-08 22:03:57,565 INFO o.a.j.t.JMeterThread: Thread is done: Thread Group 1-18
2025-12-08 22:03:57,565 INFO o.a.j.t.JMeterThread: Thread finished: Thread Group 1-18
2025-12-08 22:03:57,595 INFO o.a.j.t.JMeterThread: Thread started: Thread Group 1-19
2025-12-08 22:03:57,618 INFO o.a.j.t.JMeterThread: Thread is done: Thread Group 1-19
2025-12-08 22:03:57,618 INFO o.a.j.t.JMeterThread: Thread finished: Thread Group 1-19
2025-12-08 22:03:57,641 INFO o.a.j.t.JMeterThread: Thread started: Thread Group 1-20
2025-12-08 22:03:57,658 INFO o.a.j.t.JMeterThread: Thread is done: Thread Group 1-20
2025-12-08 22:03:57,659 INFO o.a.j.t.JMeterThread: Thread finished: Thread Group 1-20
2025-12-08 22:03:57,659 INFO o.a.j.e.StandardJMeterEngine: Notifying test listeners of end of test
2025-12-08 22:03:57,659 INFO o.a.j.g.u.JMeterMenuBar: setRunning(false, *local*)
2025-12-08 22:04:52,616 INFO o.a.j.e.StandardJMeterEngine: Running the test!
2025-12-08 22:04:52,616 INFO o.a.j.s.SampleEvent: List of sample_variables: []
2025-12-08 22:04:52,617 INFO o.a.j.g.u.JMeterMenuBar: setRunning(true, *local*)
2025-12-08 22:04:52,639 INFO o.a.j.e.StandardJMeterEngine: Starting ThreadGroup: 1 : Thread Group
2025-12-08 22:04:52,639 INFO o.a.j.e.StandardJMeterEngine: Starting 20 threads for group Thread Group.
2025-12-08 22:04:52,639 INFO o.a.j.e.StandardJMeterEngine: Thread will continue on error
2025-12-08 22:04:52,639 INFO o.a.j.t.ThreadGroup: Starting thread group... number=1 threads=20 ramp-up=1 delayedStart=false
2025-12-08 22:04:52,640 INFO o.a.j.t.JMeterThread: Thread started: Thread Group 1-1
2025-12-08 22:04:52,642 INFO o.a.j.t.ThreadGroup: Started thread group number 1
2025-12-08 22:04:52,642 INFO o.a.j.e.StandardJMeterEngine: All thread groups have been started
2025-12-08 22:04:52,653 INFO o.a.j.t.JMeterThread: Thread is done: Thread Group 1-1
2025-12-08 22:04:52,653 INFO o.a.j.t.JMeterThread: Thread finished: Thread Group 1-1
2025-12-08 22:04:52,694 INFO o.a.j.t.JMeterThread: Thread started: Thread Group 1-2
2025-12-08 22:04:52,702 INFO o.a.j.t.JMeterThread: Thread is done: Thread Group 1-2
2025-12-08 22:04:52,702 INFO o.a.j.t.JMeterThread: Thread finished: Thread Group 1-2
2025-12-08 22:04:52,744 INFO o.a.j.t.JMeterThread: Thread started: Thread Group 1-3
2025-12-08 22:04:52,753 INFO o.a.j.t.JMeterThread: Thread is done: Thread Group 1-3
2025-12-08 22:04:52,753 INFO o.a.j.t.JMeterThread: Thread finished: Thread Group 1-3
2025-12-08 22:04:52,794 INFO o.a.j.t.JMeterThread: Thread started: Thread Group 1-4
2025-12-08 22:04:52,803 INFO o.a.j.t.JMeterThread: Thread is done: Thread Group 1-4
2025-12-08 22:04:52,803 INFO o.a.j.t.JMeterThread: Thread finished: Thread Group 1-4
2025-12-08 22:04:52,843 INFO o.a.j.t.JMeterThread: Thread started: Thread Group 1-5
2025-12-08 22:04:52,854 INFO o.a.j.t.JMeterThread: Thread is done: Thread Group 1-5
2025-12-08 22:04:52,855 INFO o.a.j.t.JMeterThread: Thread finished: Thread Group 1-5
2025-12-08 22:04:52,894 INFO o.a.j.t.JMeterThread: Thread started: Thread Group 1-6
2025-12-08 22:04:52,906 INFO o.a.j.t.JMeterThread: Thread is done: Thread Group 1-6
2025-12-08 22:04:52,906 INFO o.a.j.t.JMeterThread: Thread finished: Thread Group 1-6
2025-12-08 22:04:52,939 INFO o.a.j.t.JMeterThread: Thread started: Thread Group 1-7
2025-12-08 22:04:52,955 INFO o.a.j.t.JMeterThread: Thread is done: Thread Group 1-7
2025-12-08 22:04:52,955 INFO o.a.j.t.JMeterThread: Thread finished: Thread Group 1-7
2025-12-08 22:04:52,991 INFO o.a.j.t.JMeterThread: Thread started: Thread Group 1-8
2025-12-08 22:04:53,009 INFO o.a.j.t.JMeterThread: Thread is done: Thread Group 1-8
2025-12-08 22:04:53,010 INFO o.a.j.t.JMeterThread: Thread finished: Thread Group 1-8
2025-12-08 22:04:53,044 INFO o.a.j.t.JMeterThread: Thread started: Thread Group 1-9
2025-12-08 22:04:53,059 INFO o.a.j.t.JMeterThread: Thread is done: Thread Group 1-9
2025-12-08 22:04:53,060 INFO o.a.j.t.JMeterThread: Thread finished: Thread Group 1-9
2025-12-08 22:04:53,094 INFO o.a.j.t.JMeterThread: Thread started: Thread Group 1-10
2025-12-08 22:04:53,111 INFO o.a.j.t.JMeterThread: Thread is done: Thread Group 1-10
2025-12-08 22:04:53,111 INFO o.a.j.t.JMeterThread: Thread finished: Thread Group 1-10
2025-12-08 22:04:53,145 INFO o.a.j.t.JMeterThread: Thread started: Thread Group 1-11
2025-12-08 22:04:53,162 INFO o.a.j.t.JMeterThread: Thread is done: Thread Group 1-11
2025-12-08 22:04:53,163 INFO o.a.j.t.JMeterThread: Thread finished: Thread Group 1-11
2025-12-08 22:04:53,192 INFO o.a.j.t.JMeterThread: Thread started: Thread Group 1-12
2025-12-08 22:04:53,212 INFO o.a.j.t.JMeterThread: Thread is done: Thread Group 1-12
2025-12-08 22:04:53,212 INFO o.a.j.t.JMeterThread: Thread finished: Thread Group 1-12
2025-12-08 22:04:53,241 INFO o.a.j.t.JMeterThread: Thread started: Thread Group 1-13
2025-12-08 22:04:53,254 INFO o.a.j.t.JMeterThread: Thread is done: Thread Group 1-13
2025-12-08 22:04:53,254 INFO o.a.j.t.JMeterThread: Thread finished: Thread Group 1-13
2025-12-08 22:04:53,291 INFO o.a.j.t.JMeterThread: Thread started: Thread Group 1-14
2025-12-08 22:04:53,303 INFO o.a.j.t.JMeterThread: Thread is done: Thread Group 1-14
2025-12-08 22:04:53,303 INFO o.a.j.t.JMeterThread: Thread finished: Thread Group 1-14
2025-12-08 22:04:53,341 INFO o.a.j.t.JMeterThread: Thread started: Thread Group 1-15
2025-12-08 22:04:53,356 INFO o.a.j.t.JMeterThread: Thread is done: Thread Group 1-15
2025-12-08 22:04:53,356 INFO o.a.j.t.JMeterThread: Thread finished: Thread Group 1-15
2025-12-08 22:04:53,394 INFO o.a.j.t.JMeterThread: Thread started: Thread Group 1-16
2025-12-08 22:04:53,410 INFO o.a.j.t.JMeterThread: Thread is done: Thread Group 1-16
2025-12-08 22:04:53,410 INFO o.a.j.t.JMeterThread: Thread finished: Thread Group 1-16
2025-12-08 22:04:53,442 INFO o.a.j.t.JMeterThread: Thread started: Thread Group 1-17
2025-12-08 22:04:53,451 INFO o.a.j.t.JMeterThread: Thread is done: Thread Group 1-17
2025-12-08 22:04:53,451 INFO o.a.j.t.JMeterThread: Thread finished: Thread Group 1-17
2025-12-08 22:04:53,494 INFO o.a.j.t.JMeterThread: Thread started: Thread Group 1-18
2025-12-08 22:04:53,517 INFO o.a.j.t.JMeterThread: Thread is done: Thread Group 1-18
2025-12-08 22:04:53,517 INFO o.a.j.t.JMeterThread: Thread finished: Thread Group 1-18
2025-12-08 22:04:53,539 INFO o.a.j.t.JMeterThread: Thread started: Thread Group 1-19
2025-12-08 22:04:53,548 INFO o.a.j.t.JMeterThread: Thread is done: Thread Group 1-19
2025-12-08 22:04:53,548 INFO o.a.j.t.JMeterThread: Thread finished: Thread Group 1-19
2025-12-08 22:04:53,595 INFO o.a.j.t.JMeterThread: Thread started: Thread Group 1-20
2025-12-08 22:04:53,607 INFO o.a.j.t.JMeterThread: Thread is done: Thread Group 1-20
2025-12-08 22:04:53,607 INFO o.a.j.t.JMeterThread: Thread finished: Thread Group 1-20
2025-12-08 22:04:53,607 INFO o.a.j.e.StandardJMeterEngine: Notifying test listeners of end of test
2025-12-08 22:04:53,607 INFO o.a.j.g.u.JMeterMenuBar: setRunning(false, *local*)
